Thu Feb 22 03:30:32 PM +03 2024 - User: vm-server - Warning: User client1 already exists. Skipping.
Thu Feb 22 03:30:32 PM +03 2024 - User: vm-server - Warning: User client2 already exists. Skipping.

WARNING: apt does not have a stable CLI interface. Use with caution in scripts.

Hit:1 http://apt.pop-os.org/proprietary jammy InRelease
Hit:2 http://apt.pop-os.org/release jammy InRelease
Hit:3 http://apt.pop-os.org/ubuntu jammy InRelease
Get:4 http://apt.pop-os.org/ubuntu jammy-security InRelease [110 kB]
Get:5 http://apt.pop-os.org/ubuntu jammy-updates InRelease [119 kB]
Hit:6 http://apt.pop-os.org/ubuntu jammy-backports InRelease
Fetched 229 kB in 3s (82.2 kB/s)
Reading package lists...
Building dependency tree...
Reading state information...
119 packages can be upgraded. Run 'apt list --upgradable' to see them.
Thu Feb 22 03:30:41 PM +03 2024 - User: vm-server - Success
Thu Feb 22 03:30:41 PM +03 2024 - User: vm-server - Warning: NGINX is already installed. Skipping.
Thu Feb 22 03:30:41 PM +03 2024 - User: vm-server - Success
Synchronizing state of nginx.service with SysV service script with /lib/systemd/systemd-sysv-install.
Executing: /lib/systemd/systemd-sysv-install enable nginx
Thu Feb 22 03:30:42 PM +03 2024 - User: vm-server - Success
Thu Feb 22 03:30:42 PM +03 2024 - User: vm-server - NGINX is running
Server Name: pop-os
Server IPv4: 192.168.100.113
Server IPv6: 2001:1a10:1141:1300:485b:acc6:944d:e46a 2001:1a10:1141:1300:b16a:d866:a9c2:bf55
Thu Feb 22 03:30:42 PM +03 2024 - User: vm-server - Warning: SSHD is already installed. Skipping.
Job for ssh.service failed because the control process exited with error code.
See "systemctl status ssh.service" and "journalctl -xeu ssh.service" for details.
Thu Feb 22 03:30:42 PM +03 2024 - User: vm-server - Error. Check ./server-init.log for more details.
Synchronizing state of ssh.service with SysV service script with /lib/systemd/systemd-sysv-install.
Executing: /lib/systemd/systemd-sysv-install enable ssh
Thu Feb 22 03:30:43 PM +03 2024 - User: vm-server - Success
Subsystem sftp internal-sftp
Thu Feb 22 03:30:44 PM +03 2024 - User: vm-server - Notice: SFTP configuration for client1 already exists. To avoid potential conflicts, automatic configuration has been skipped. Please manually check and configure as necessary.
Thu Feb 22 03:30:44 PM +03 2024 - User: vm-server - Notice: SFTP configuration for client2 already exists. To avoid potential conflicts, automatic configuration has been skipped. Please manually check and configure as necessary.
Job for ssh.service failed because the control process exited with error code.
See "systemctl status ssh.service" and "journalctl -xeu ssh.service" for details.
Thu Feb 22 03:30:44 PM +03 2024 - User: vm-server - Error. Check ./server-init.log for more details.
Thu Feb 22 03:36:19 PM +03 2024 - User: vm-server - Warning: User client1 already exists. Skipping.
Thu Feb 22 03:36:19 PM +03 2024 - User: vm-server - Warning: User client2 already exists. Skipping.

WARNING: apt does not have a stable CLI interface. Use with caution in scripts.

Hit:1 http://apt.pop-os.org/proprietary jammy InRelease
Hit:2 http://apt.pop-os.org/release jammy InRelease
Hit:3 http://apt.pop-os.org/ubuntu jammy InRelease
Hit:4 http://apt.pop-os.org/ubuntu jammy-security InRelease
Hit:5 http://apt.pop-os.org/ubuntu jammy-updates InRelease
Hit:6 http://apt.pop-os.org/ubuntu jammy-backports InRelease
Reading package lists...
Building dependency tree...
Reading state information...
119 packages can be upgraded. Run 'apt list --upgradable' to see them.
Thu Feb 22 03:36:23 PM +03 2024 - User: vm-server - Success
Thu Feb 22 03:36:23 PM +03 2024 - User: vm-server - Warning: NGINX is already installed. Skipping.
Thu Feb 22 03:36:23 PM +03 2024 - User: vm-server - Success
Synchronizing state of nginx.service with SysV service script with /lib/systemd/systemd-sysv-install.
Executing: /lib/systemd/systemd-sysv-install enable nginx
Thu Feb 22 03:36:24 PM +03 2024 - User: vm-server - Success
Thu Feb 22 03:36:24 PM +03 2024 - User: vm-server - NGINX is running
Server Name: pop-os
Server IPv4: 192.168.100.113
Server IPv6: 2001:1a10:1141:1300:485b:acc6:944d:e46a 2001:1a10:1141:1300:b16a:d866:a9c2:bf55
Thu Feb 22 03:36:24 PM +03 2024 - User: vm-server - Warning: SSHD is already installed. Skipping.
Thu Feb 22 03:36:24 PM +03 2024 - User: vm-server - Success
Synchronizing state of ssh.service with SysV service script with /lib/systemd/systemd-sysv-install.
Executing: /lib/systemd/systemd-sysv-install enable ssh
Thu Feb 22 03:36:25 PM +03 2024 - User: vm-server - Success
Thu Feb 22 03:36:25 PM +03 2024 - User: vm-server - SSHD is running
Server Name: pop-os
Server IPv4: 192.168.100.113
Server IPv6: 2001:1a10:1141:1300:485b:acc6:944d:e46a 2001:1a10:1141:1300:b16a:d866:a9c2:bf55
Subsystem sftp internal-sftp
Match User client1
ForceCommand internal-sftp
Match User client2
ForceCommand internal-sftp
Thu Feb 22 03:36:25 PM +03 2024 - User: vm-server - Success
| User Account Creation |
Thu Feb 22 03:45:30 PM +03 2024 - User: vm-server - Warning: User client1 already exists. Skipping.
Thu Feb 22 03:45:30 PM +03 2024 - User: vm-server - Warning: User client2 already exists. Skipping.
| Updating Package Lists |

WARNING: apt does not have a stable CLI interface. Use with caution in scripts.

Hit:1 http://apt.pop-os.org/proprietary jammy InRelease
Hit:2 http://apt.pop-os.org/release jammy InRelease
Hit:3 http://apt.pop-os.org/ubuntu jammy InRelease
Hit:4 http://apt.pop-os.org/ubuntu jammy-security InRelease
Hit:5 http://apt.pop-os.org/ubuntu jammy-updates InRelease
Hit:6 http://apt.pop-os.org/ubuntu jammy-backports InRelease
Reading package lists...
Building dependency tree...
Reading state information...
119 packages can be upgraded. Run 'apt list --upgradable' to see them.
Thu Feb 22 03:45:38 PM +03 2024 - User: vm-server - Success
| NGINX Installation and Configuration |
Thu Feb 22 03:45:38 PM +03 2024 - User: vm-server - Warning: NGINX is already installed. Skipping.
Thu Feb 22 03:45:38 PM +03 2024 - User: vm-server - Success
Synchronizing state of nginx.service with SysV service script with /lib/systemd/systemd-sysv-install.
Executing: /lib/systemd/systemd-sysv-install enable nginx
Thu Feb 22 03:45:39 PM +03 2024 - User: vm-server - Success
| NGINX Server Information |
Thu Feb 22 03:45:39 PM +03 2024 - User: vm-server - NGINX is running
Server Name: pop-os
Server IPv4: 192.168.100.113
Server IPv6: 2001:1a10:1141:1300:485b:acc6:944d:e46a 2001:1a10:1141:1300:b16a:d866:a9c2:bf55
| SSHD Installation and Configuration |
Thu Feb 22 03:45:39 PM +03 2024 - User: vm-server - Warning: SSHD is already installed. Skipping.
Thu Feb 22 03:45:40 PM +03 2024 - User: vm-server - Success
Synchronizing state of ssh.service with SysV service script with /lib/systemd/systemd-sysv-install.
Executing: /lib/systemd/systemd-sysv-install enable ssh
Thu Feb 22 03:45:40 PM +03 2024 - User: vm-server - Success
| SSHD Server Information |
Thu Feb 22 03:45:40 PM +03 2024 - User: vm-server - SSHD is running
Server Name: pop-os
Server IPv4: 192.168.100.113
Server IPv6: 2001:1a10:1141:1300:485b:acc6:944d:e46a 2001:1a10:1141:1300:b16a:d866:a9c2:bf55
| SFTP Configuration |
Subsystem sftp internal-sftp
Match User client1
ForceCommand internal-sftp
Match User client2
ForceCommand internal-sftp
Thu Feb 22 03:45:41 PM +03 2024 - User: vm-server - Success
Thu Feb 22 03:46:31 PM +03 2024 - User: vm-server - Warning: User client1 already exists. Skipping.
Thu Feb 22 03:46:31 PM +03 2024 - User: vm-server - Warning: User client2 already exists. Skipping.

WARNING: apt does not have a stable CLI interface. Use with caution in scripts.

Hit:1 http://apt.pop-os.org/proprietary jammy InRelease
Hit:2 http://apt.pop-os.org/release jammy InRelease
Hit:3 http://apt.pop-os.org/ubuntu jammy InRelease
Hit:4 http://apt.pop-os.org/ubuntu jammy-security InRelease
Hit:5 http://apt.pop-os.org/ubuntu jammy-updates InRelease
Hit:6 http://apt.pop-os.org/ubuntu jammy-backports InRelease
Reading package lists...
Building dependency tree...
Reading state information...
119 packages can be upgraded. Run 'apt list --upgradable' to see them.
Thu Feb 22 03:46:35 PM +03 2024 - User: vm-server - Success
Thu Feb 22 03:46:35 PM +03 2024 - User: vm-server - Warning: NGINX is already installed. Skipping.
Thu Feb 22 03:46:35 PM +03 2024 - User: vm-server - Success
Synchronizing state of nginx.service with SysV service script with /lib/systemd/systemd-sysv-install.
Executing: /lib/systemd/systemd-sysv-install enable nginx
Thu Feb 22 03:46:36 PM +03 2024 - User: vm-server - Success
Thu Feb 22 03:46:36 PM +03 2024 - User: vm-server - NGINX is running
Server Name: pop-os
Server IPv4: 192.168.100.113
Server IPv6: 2001:1a10:1141:1300:485b:acc6:944d:e46a 2001:1a10:1141:1300:b16a:d866:a9c2:bf55
Thu Feb 22 03:46:36 PM +03 2024 - User: vm-server - Warning: SSHD is already installed. Skipping.
Thu Feb 22 03:46:36 PM +03 2024 - User: vm-server - Success
Synchronizing state of ssh.service with SysV service script with /lib/systemd/systemd-sysv-install.
Executing: /lib/systemd/systemd-sysv-install enable ssh
Thu Feb 22 03:46:37 PM +03 2024 - User: vm-server - Success
Thu Feb 22 03:46:37 PM +03 2024 - User: vm-server - SSHD is running
Server Name: pop-os
Server IPv4: 192.168.100.113
Server IPv6: 2001:1a10:1141:1300:485b:acc6:944d:e46a 2001:1a10:1141:1300:b16a:d866:a9c2:bf55
| SFTP Configuration |
Thu Feb 22 03:46:37 PM +03 2024 - User: vm-server - Notice: SFTP configuration for client1 already exists. To avoid potential conflicts, automatic configuration has been skipped. Please manually check and configure as necessary.
Thu Feb 22 03:46:37 PM +03 2024 - User: vm-server - Notice: SFTP configuration for client2 already exists. To avoid potential conflicts, automatic configuration has been skipped. Please manually check and configure as necessary.
Thu Feb 22 03:46:37 PM +03 2024 - User: vm-server - Success
Thu Feb 22 03:47:09 PM +03 2024 - User: vm-server - Warning: User client1 already exists. Skipping.
Thu Feb 22 03:47:09 PM +03 2024 - User: vm-server - Warning: User client2 already exists. Skipping.

WARNING: apt does not have a stable CLI interface. Use with caution in scripts.

Hit:1 http://apt.pop-os.org/proprietary jammy InRelease
Hit:2 http://apt.pop-os.org/release jammy InRelease
Hit:3 http://apt.pop-os.org/ubuntu jammy InRelease
Hit:4 http://apt.pop-os.org/ubuntu jammy-security InRelease
Hit:5 http://apt.pop-os.org/ubuntu jammy-updates InRelease
Hit:6 http://apt.pop-os.org/ubuntu jammy-backports InRelease
Reading package lists...
Building dependency tree...
Reading state information...
119 packages can be upgraded. Run 'apt list --upgradable' to see them.
Thu Feb 22 03:47:12 PM +03 2024 - User: vm-server - Success
Thu Feb 22 03:47:13 PM +03 2024 - User: vm-server - Warning: NGINX is already installed. Skipping.
Thu Feb 22 03:47:13 PM +03 2024 - User: vm-server - Success
Synchronizing state of nginx.service with SysV service script with /lib/systemd/systemd-sysv-install.
Executing: /lib/systemd/systemd-sysv-install enable nginx
Thu Feb 22 03:47:13 PM +03 2024 - User: vm-server - Success
Thu Feb 22 03:47:13 PM +03 2024 - User: vm-server - NGINX is running
Server Name: pop-os
Server IPv4: 192.168.100.113
Server IPv6: 2001:1a10:1141:1300:485b:acc6:944d:e46a 2001:1a10:1141:1300:b16a:d866:a9c2:bf55
Thu Feb 22 03:47:14 PM +03 2024 - User: vm-server - Warning: SSHD is already installed. Skipping.
Thu Feb 22 03:47:14 PM +03 2024 - User: vm-server - Success
Synchronizing state of ssh.service with SysV service script with /lib/systemd/systemd-sysv-install.
Executing: /lib/systemd/systemd-sysv-install enable ssh
Thu Feb 22 03:47:14 PM +03 2024 - User: vm-server - Success
Thu Feb 22 03:47:14 PM +03 2024 - User: vm-server - SSHD is running
Server Name: pop-os
Server IPv4: 192.168.100.113
Server IPv6: 2001:1a10:1141:1300:485b:acc6:944d:e46a 2001:1a10:1141:1300:b16a:d866:a9c2:bf55
| SFTP Configuration |
Thu Feb 22 03:47:14 PM +03 2024 - User: vm-server - Notice: SFTP configuration for client1 already exists. To avoid potential conflicts, automatic configuration has been skipped. Please manually check and configure as necessary.
Thu Feb 22 03:47:14 PM +03 2024 - User: vm-server - Notice: SFTP configuration for client2 already exists. To avoid potential conflicts, automatic configuration has been skipped. Please manually check and configure as necessary.
Thu Feb 22 03:47:15 PM +03 2024 - User: vm-server - Success
Thu Feb 22 03:47:29 PM +03 2024 - User: vm-server - Warning: User client1 already exists. Skipping.
Thu Feb 22 03:47:29 PM +03 2024 - User: vm-server - Warning: User client2 already exists. Skipping.

WARNING: apt does not have a stable CLI interface. Use with caution in scripts.

Hit:1 http://apt.pop-os.org/proprietary jammy InRelease
Hit:2 http://apt.pop-os.org/release jammy InRelease
Hit:3 http://apt.pop-os.org/ubuntu jammy InRelease
Hit:4 http://apt.pop-os.org/ubuntu jammy-security InRelease
Hit:5 http://apt.pop-os.org/ubuntu jammy-updates InRelease
Hit:6 http://apt.pop-os.org/ubuntu jammy-backports InRelease
Reading package lists...
Building dependency tree...
Reading state information...
119 packages can be upgraded. Run 'apt list --upgradable' to see them.
Thu Feb 22 03:47:33 PM +03 2024 - User: vm-server - Success
Thu Feb 22 03:47:33 PM +03 2024 - User: vm-server - Warning: NGINX is already installed. Skipping.
Thu Feb 22 03:47:33 PM +03 2024 - User: vm-server - Success
Synchronizing state of nginx.service with SysV service script with /lib/systemd/systemd-sysv-install.
Executing: /lib/systemd/systemd-sysv-install enable nginx
Thu Feb 22 03:47:34 PM +03 2024 - User: vm-server - Success
Thu Feb 22 03:47:34 PM +03 2024 - User: vm-server - NGINX is running
Server Name: pop-os
Server IPv4: 192.168.100.113
Server IPv6: 2001:1a10:1141:1300:485b:acc6:944d:e46a 2001:1a10:1141:1300:b16a:d866:a9c2:bf55
Thu Feb 22 03:47:34 PM +03 2024 - User: vm-server - Warning: SSHD is already installed. Skipping.
Thu Feb 22 03:47:34 PM +03 2024 - User: vm-server - Success
Synchronizing state of ssh.service with SysV service script with /lib/systemd/systemd-sysv-install.
Executing: /lib/systemd/systemd-sysv-install enable ssh
Thu Feb 22 03:47:35 PM +03 2024 - User: vm-server - Success
Thu Feb 22 03:47:35 PM +03 2024 - User: vm-server - SSHD is running
Server Name: pop-os
Server IPv4: 192.168.100.113
Server IPv6: 2001:1a10:1141:1300:485b:acc6:944d:e46a 2001:1a10:1141:1300:b16a:d866:a9c2:bf55
| SFTP Configuration |
Thu Feb 22 03:47:35 PM +03 2024 - User: vm-server - Notice: SFTP configuration for client1 already exists. To avoid potential conflicts, automatic configuration has been skipped. Please manually check and configure as necessary.
Thu Feb 22 03:47:35 PM +03 2024 - User: vm-server - Notice: SFTP configuration for client2 already exists. To avoid potential conflicts, automatic configuration has been skipped. Please manually check and configure as necessary.
Thu Feb 22 03:47:35 PM +03 2024 - User: vm-server - Success
Thu Feb 22 03:48:14 PM +03 2024 - User: vm-server - Warning: User client1 already exists. Skipping.
Thu Feb 22 03:48:14 PM +03 2024 - User: vm-server - Warning: User client2 already exists. Skipping.

WARNING: apt does not have a stable CLI interface. Use with caution in scripts.

Hit:1 http://apt.pop-os.org/proprietary jammy InRelease
Hit:2 http://apt.pop-os.org/release jammy InRelease
Hit:3 http://apt.pop-os.org/ubuntu jammy InRelease
Hit:4 http://apt.pop-os.org/ubuntu jammy-security InRelease
Hit:5 http://apt.pop-os.org/ubuntu jammy-updates InRelease
Hit:6 http://apt.pop-os.org/ubuntu jammy-backports InRelease
Reading package lists...
Building dependency tree...
Reading state information...
119 packages can be upgraded. Run 'apt list --upgradable' to see them.
Thu Feb 22 03:48:18 PM +03 2024 - User: vm-server - Success
Thu Feb 22 03:48:18 PM +03 2024 - User: vm-server - Warning: NGINX is already installed. Skipping.
Thu Feb 22 03:48:18 PM +03 2024 - User: vm-server - Success
Synchronizing state of nginx.service with SysV service script with /lib/systemd/systemd-sysv-install.
Executing: /lib/systemd/systemd-sysv-install enable nginx
Thu Feb 22 03:48:19 PM +03 2024 - User: vm-server - Success
Thu Feb 22 03:48:19 PM +03 2024 - User: vm-server - NGINX is running
Server Name: pop-os
Server IPv4: 192.168.100.113
Server IPv6: 2001:1a10:1141:1300:485b:acc6:944d:e46a 2001:1a10:1141:1300:b16a:d866:a9c2:bf55
Thu Feb 22 03:48:19 PM +03 2024 - User: vm-server - Warning: SSHD is already installed. Skipping.
Thu Feb 22 03:48:19 PM +03 2024 - User: vm-server - Success
Synchronizing state of ssh.service with SysV service script with /lib/systemd/systemd-sysv-install.
Executing: /lib/systemd/systemd-sysv-install enable ssh
Thu Feb 22 03:48:20 PM +03 2024 - User: vm-server - Success
Thu Feb 22 03:48:20 PM +03 2024 - User: vm-server - SSHD is running
Server Name: pop-os
Server IPv4: 192.168.100.113
Server IPv6: 2001:1a10:1141:1300:485b:acc6:944d:e46a 2001:1a10:1141:1300:b16a:d866:a9c2:bf55
| SFTP Configuration |
Thu Feb 22 03:48:20 PM +03 2024 - User: vm-server - Notice: SFTP configuration for client1 already exists. To avoid potential conflicts, automatic configuration has been skipped. Please manually check and configure as necessary.
Thu Feb 22 03:48:20 PM +03 2024 - User: vm-server - Notice: SFTP configuration for client2 already exists. To avoid potential conflicts, automatic configuration has been skipped. Please manually check and configure as necessary.
Thu Feb 22 03:48:20 PM +03 2024 - User: vm-server - Success
Thu Feb 22 03:48:21 PM +03 2024 - User: vm-server - Warning: User client1 already exists. Skipping.
Thu Feb 22 03:48:22 PM +03 2024 - User: vm-server - Warning: User client2 already exists. Skipping.

WARNING: apt does not have a stable CLI interface. Use with caution in scripts.

Reading package lists...
E: Could not get lock /var/lib/apt/lists/lock. It is held by process 1477 (packagekitd)
E: Unable to lock directory /var/lib/apt/lists/
Thu Feb 22 03:48:23 PM +03 2024 - User: vm-server - Error. Check ./server-init.log for more details.
Thu Feb 22 03:48:23 PM +03 2024 - User: vm-server - Warning: NGINX is already installed. Skipping.
Thu Feb 22 03:48:23 PM +03 2024 - User: vm-server - Success
Synchronizing state of nginx.service with SysV service script with /lib/systemd/systemd-sysv-install.
Executing: /lib/systemd/systemd-sysv-install enable nginx
Thu Feb 22 03:48:24 PM +03 2024 - User: vm-server - Success
Thu Feb 22 03:48:24 PM +03 2024 - User: vm-server - NGINX is running
Server Name: pop-os
Server IPv4: 192.168.100.113
Server IPv6: 2001:1a10:1141:1300:485b:acc6:944d:e46a 2001:1a10:1141:1300:b16a:d866:a9c2:bf55
Thu Feb 22 03:48:24 PM +03 2024 - User: vm-server - Warning: SSHD is already installed. Skipping.
Thu Feb 22 03:48:24 PM +03 2024 - User: vm-server - Success
Synchronizing state of ssh.service with SysV service script with /lib/systemd/systemd-sysv-install.
Executing: /lib/systemd/systemd-sysv-install enable ssh
Thu Feb 22 03:48:25 PM +03 2024 - User: vm-server - Success
Thu Feb 22 03:48:25 PM +03 2024 - User: vm-server - SSHD is running
Server Name: pop-os
Server IPv4: 192.168.100.113
Server IPv6: 2001:1a10:1141:1300:485b:acc6:944d:e46a 2001:1a10:1141:1300:b16a:d866:a9c2:bf55
| SFTP Configuration |
Thu Feb 22 03:48:25 PM +03 2024 - User: vm-server - Notice: SFTP configuration for client1 already exists. To avoid potential conflicts, automatic configuration has been skipped. Please manually check and configure as necessary.
Thu Feb 22 03:48:25 PM +03 2024 - User: vm-server - Notice: SFTP configuration for client2 already exists. To avoid potential conflicts, automatic configuration has been skipped. Please manually check and configure as necessary.
Thu Feb 22 03:48:25 PM +03 2024 - User: vm-server - Success
Thu Feb 22 03:48:51 PM +03 2024 - User: vm-server - Warning: User client1 already exists. Skipping.
Thu Feb 22 03:48:51 PM +03 2024 - User: vm-server - Warning: User client2 already exists. Skipping.

WARNING: apt does not have a stable CLI interface. Use with caution in scripts.

Hit:1 http://apt.pop-os.org/proprietary jammy InRelease
Hit:2 http://apt.pop-os.org/release jammy InRelease
Hit:3 http://apt.pop-os.org/ubuntu jammy InRelease
Hit:4 http://apt.pop-os.org/ubuntu jammy-security InRelease
Hit:5 http://apt.pop-os.org/ubuntu jammy-updates InRelease
Hit:6 http://apt.pop-os.org/ubuntu jammy-backports InRelease
Reading package lists...
Building dependency tree...
Reading state information...
119 packages can be upgraded. Run 'apt list --upgradable' to see them.
Thu Feb 22 03:48:56 PM +03 2024 - User: vm-server - Success
Thu Feb 22 03:48:56 PM +03 2024 - User: vm-server - Warning: NGINX is already installed. Skipping.
Thu Feb 22 03:48:56 PM +03 2024 - User: vm-server - Success
Synchronizing state of nginx.service with SysV service script with /lib/systemd/systemd-sysv-install.
Executing: /lib/systemd/systemd-sysv-install enable nginx
Thu Feb 22 03:48:56 PM +03 2024 - User: vm-server - Success
Thu Feb 22 03:48:56 PM +03 2024 - User: vm-server - NGINX is running
Server Name: pop-os
Server IPv4: 192.168.100.113
Server IPv6: 2001:1a10:1141:1300:485b:acc6:944d:e46a 2001:1a10:1141:1300:b16a:d866:a9c2:bf55
Thu Feb 22 03:48:56 PM +03 2024 - User: vm-server - Warning: SSHD is already installed. Skipping.
Thu Feb 22 03:48:57 PM +03 2024 - User: vm-server - Success
Synchronizing state of ssh.service with SysV service script with /lib/systemd/systemd-sysv-install.
Executing: /lib/systemd/systemd-sysv-install enable ssh
Thu Feb 22 03:48:57 PM +03 2024 - User: vm-server - Success
Thu Feb 22 03:48:57 PM +03 2024 - User: vm-server - SSHD is running
Server Name: pop-os
Server IPv4: 192.168.100.113
Server IPv6: 2001:1a10:1141:1300:485b:acc6:944d:e46a 2001:1a10:1141:1300:b16a:d866:a9c2:bf55
| SFTP Configuration |
Thu Feb 22 03:48:57 PM +03 2024 - User: vm-server - Notice: SFTP configuration for client1 already exists. To avoid potential conflicts, automatic configuration has been skipped. Please manually check and configure as necessary.
Thu Feb 22 03:48:57 PM +03 2024 - User: vm-server - Notice: SFTP configuration for client2 already exists. To avoid potential conflicts, automatic configuration has been skipped. Please manually check and configure as necessary.
Thu Feb 22 03:48:57 PM +03 2024 - User: vm-server - Success
Thu Feb 22 03:49:18 PM +03 2024 - User: vm-server - Warning: User client1 already exists. Skipping.
Thu Feb 22 03:49:18 PM +03 2024 - User: vm-server - Warning: User client2 already exists. Skipping.

WARNING: apt does not have a stable CLI interface. Use with caution in scripts.

Hit:1 http://apt.pop-os.org/proprietary jammy InRelease
Hit:2 http://apt.pop-os.org/release jammy InRelease
Hit:3 http://apt.pop-os.org/ubuntu jammy InRelease
Hit:4 http://apt.pop-os.org/ubuntu jammy-security InRelease
Hit:5 http://apt.pop-os.org/ubuntu jammy-updates InRelease
Hit:6 http://apt.pop-os.org/ubuntu jammy-backports InRelease
Reading package lists...
Building dependency tree...
Reading state information...
119 packages can be upgraded. Run 'apt list --upgradable' to see them.
Thu Feb 22 03:49:23 PM +03 2024 - User: vm-server - Success
Thu Feb 22 03:49:23 PM +03 2024 - User: vm-server - Warning: NGINX is already installed. Skipping.
Thu Feb 22 03:49:23 PM +03 2024 - User: vm-server - Success
Synchronizing state of nginx.service with SysV service script with /lib/systemd/systemd-sysv-install.
Executing: /lib/systemd/systemd-sysv-install enable nginx
Thu Feb 22 03:49:24 PM +03 2024 - User: vm-server - Success
Thu Feb 22 03:49:24 PM +03 2024 - User: vm-server - NGINX is running
Server Name: pop-os
Server IPv4: 192.168.100.113
Server IPv6: 2001:1a10:1141:1300:485b:acc6:944d:e46a 2001:1a10:1141:1300:b16a:d866:a9c2:bf55
Thu Feb 22 03:49:24 PM +03 2024 - User: vm-server - Warning: SSHD is already installed. Skipping.
Thu Feb 22 03:49:24 PM +03 2024 - User: vm-server - Success
Synchronizing state of ssh.service with SysV service script with /lib/systemd/systemd-sysv-install.
Executing: /lib/systemd/systemd-sysv-install enable ssh
Thu Feb 22 03:49:25 PM +03 2024 - User: vm-server - Success
Thu Feb 22 03:49:25 PM +03 2024 - User: vm-server - SSHD is running
Server Name: pop-os
Server IPv4: 192.168.100.113
Server IPv6: 2001:1a10:1141:1300:485b:acc6:944d:e46a 2001:1a10:1141:1300:b16a:d866:a9c2:bf55
| SFTP Configuration |
Thu Feb 22 03:49:25 PM +03 2024 - User: vm-server - Notice: SFTP configuration for client1 already exists. To avoid potential conflicts, automatic configuration has been skipped. Please manually check and configure as necessary.
Thu Feb 22 03:49:25 PM +03 2024 - User: vm-server - Notice: SFTP configuration for client2 already exists. To avoid potential conflicts, automatic configuration has been skipped. Please manually check and configure as necessary.
Thu Feb 22 03:49:25 PM +03 2024 - User: vm-server - Success
Thu Feb 22 03:49:27 PM +03 2024 - User: vm-server - Warning: User client1 already exists. Skipping.
Thu Feb 22 03:49:27 PM +03 2024 - User: vm-server - Warning: User client2 already exists. Skipping.

WARNING: apt does not have a stable CLI interface. Use with caution in scripts.

Reading package lists...
E: Could not get lock /var/lib/apt/lists/lock. It is held by process 1477 (packagekitd)
E: Unable to lock directory /var/lib/apt/lists/
Thu Feb 22 03:49:28 PM +03 2024 - User: vm-server - Error. Check ./server-init.log for more details.
Thu Feb 22 03:49:28 PM +03 2024 - User: vm-server - Warning: NGINX is already installed. Skipping.
Thu Feb 22 03:49:28 PM +03 2024 - User: vm-server - Success
Synchronizing state of nginx.service with SysV service script with /lib/systemd/systemd-sysv-install.
Executing: /lib/systemd/systemd-sysv-install enable nginx
Thu Feb 22 03:49:29 PM +03 2024 - User: vm-server - Success
Thu Feb 22 03:49:29 PM +03 2024 - User: vm-server - NGINX is running
Server Name: pop-os
Server IPv4: 192.168.100.113
Server IPv6: 2001:1a10:1141:1300:485b:acc6:944d:e46a 2001:1a10:1141:1300:b16a:d866:a9c2:bf55
Thu Feb 22 03:49:29 PM +03 2024 - User: vm-server - Warning: SSHD is already installed. Skipping.
Thu Feb 22 03:49:29 PM +03 2024 - User: vm-server - Success
Synchronizing state of ssh.service with SysV service script with /lib/systemd/systemd-sysv-install.
Executing: /lib/systemd/systemd-sysv-install enable ssh
Thu Feb 22 03:49:30 PM +03 2024 - User: vm-server - Success
Thu Feb 22 03:49:30 PM +03 2024 - User: vm-server - SSHD is running
Server Name: pop-os
Server IPv4: 192.168.100.113
Server IPv6: 2001:1a10:1141:1300:485b:acc6:944d:e46a 2001:1a10:1141:1300:b16a:d866:a9c2:bf55
| SFTP Configuration |
Thu Feb 22 03:49:30 PM +03 2024 - User: vm-server - Notice: SFTP configuration for client1 already exists. To avoid potential conflicts, automatic configuration has been skipped. Please manually check and configure as necessary.
Thu Feb 22 03:49:30 PM +03 2024 - User: vm-server - Notice: SFTP configuration for client2 already exists. To avoid potential conflicts, automatic configuration has been skipped. Please manually check and configure as necessary.
Thu Feb 22 03:49:30 PM +03 2024 - User: vm-server - Success
Thu Feb 22 03:49:53 PM +03 2024 - User: vm-server - Warning: User client1 already exists. Skipping.
Thu Feb 22 03:49:53 PM +03 2024 - User: vm-server - Warning: User client2 already exists. Skipping.

WARNING: apt does not have a stable CLI interface. Use with caution in scripts.

Hit:1 http://apt.pop-os.org/proprietary jammy InRelease
Hit:2 http://apt.pop-os.org/release jammy InRelease
Hit:3 http://apt.pop-os.org/ubuntu jammy InRelease
Hit:4 http://apt.pop-os.org/ubuntu jammy-security InRelease
Hit:5 http://apt.pop-os.org/ubuntu jammy-updates InRelease
Hit:6 http://apt.pop-os.org/ubuntu jammy-backports InRelease
Reading package lists...
Building dependency tree...
Reading state information...
119 packages can be upgraded. Run 'apt list --upgradable' to see them.
Thu Feb 22 03:49:57 PM +03 2024 - User: vm-server - Success
Thu Feb 22 03:49:57 PM +03 2024 - User: vm-server - Warning: NGINX is already installed. Skipping.
Thu Feb 22 03:49:57 PM +03 2024 - User: vm-server - Success
Synchronizing state of nginx.service with SysV service script with /lib/systemd/systemd-sysv-install.
Executing: /lib/systemd/systemd-sysv-install enable nginx
Thu Feb 22 03:49:58 PM +03 2024 - User: vm-server - Success
Thu Feb 22 03:49:58 PM +03 2024 - User: vm-server - NGINX is running
Server Name: pop-os
Server IPv4: 192.168.100.113
Server IPv6: 2001:1a10:1141:1300:485b:acc6:944d:e46a 2001:1a10:1141:1300:b16a:d866:a9c2:bf55
Thu Feb 22 03:49:58 PM +03 2024 - User: vm-server - Warning: SSHD is already installed. Skipping.
Thu Feb 22 03:49:58 PM +03 2024 - User: vm-server - Success
Synchronizing state of ssh.service with SysV service script with /lib/systemd/systemd-sysv-install.
Executing: /lib/systemd/systemd-sysv-install enable ssh
Thu Feb 22 03:49:59 PM +03 2024 - User: vm-server - Success
Thu Feb 22 03:49:59 PM +03 2024 - User: vm-server - SSHD is running
Server Name: pop-os
Server IPv4: 192.168.100.113
Server IPv6: 2001:1a10:1141:1300:485b:acc6:944d:e46a 2001:1a10:1141:1300:b16a:d866:a9c2:bf55
| SFTP Configuration |
Thu Feb 22 03:49:59 PM +03 2024 - User: vm-server - Notice: SFTP configuration for client1 already exists. To avoid potential conflicts, automatic configuration has been skipped. Please manually check and configure as necessary.
Thu Feb 22 03:49:59 PM +03 2024 - User: vm-server - Notice: SFTP configuration for client2 already exists. To avoid potential conflicts, automatic configuration has been skipped. Please manually check and configure as necessary.
Thu Feb 22 03:49:59 PM +03 2024 - User: vm-server - Success
Thu Feb 22 03:51:56 PM +03 2024 - User: vm-server - Warning: User client1 already exists. Skipping.
Thu Feb 22 03:51:56 PM +03 2024 - User: vm-server - Warning: User client2 already exists. Skipping.

WARNING: apt does not have a stable CLI interface. Use with caution in scripts.

Hit:1 http://apt.pop-os.org/proprietary jammy InRelease
Hit:2 http://apt.pop-os.org/release jammy InRelease
Hit:3 http://apt.pop-os.org/ubuntu jammy InRelease
Hit:4 http://apt.pop-os.org/ubuntu jammy-security InRelease
Hit:5 http://apt.pop-os.org/ubuntu jammy-updates InRelease
Hit:6 http://apt.pop-os.org/ubuntu jammy-backports InRelease
Reading package lists...
Building dependency tree...
Reading state information...
119 packages can be upgraded. Run 'apt list --upgradable' to see them.
Thu Feb 22 03:51:59 PM +03 2024 - User: vm-server - Success
Thu Feb 22 03:51:59 PM +03 2024 - User: vm-server - Warning: NGINX is already installed. Skipping.
Thu Feb 22 03:51:59 PM +03 2024 - User: vm-server - Success
Synchronizing state of nginx.service with SysV service script with /lib/systemd/systemd-sysv-install.
Executing: /lib/systemd/systemd-sysv-install enable nginx
Thu Feb 22 03:52:00 PM +03 2024 - User: vm-server - Success
Thu Feb 22 03:52:00 PM +03 2024 - User: vm-server - NGINX is running
Server Name: pop-os
Server IPv4: 192.168.100.113
Server IPv6: 2001:1a10:1141:1300:485b:acc6:944d:e46a 2001:1a10:1141:1300:b16a:d866:a9c2:bf55
Thu Feb 22 03:52:00 PM +03 2024 - User: vm-server - Warning: SSHD is already installed. Skipping.
Thu Feb 22 03:52:00 PM +03 2024 - User: vm-server - Success
Synchronizing state of ssh.service with SysV service script with /lib/systemd/systemd-sysv-install.
Executing: /lib/systemd/systemd-sysv-install enable ssh
Thu Feb 22 03:52:01 PM +03 2024 - User: vm-server - Success
Thu Feb 22 03:52:01 PM +03 2024 - User: vm-server - SSHD is running
Server Name: pop-os
Server IPv4: 192.168.100.113
Server IPv6: 2001:1a10:1141:1300:485b:acc6:944d:e46a 2001:1a10:1141:1300:b16a:d866:a9c2:bf55
Thu Feb 22 03:52:01 PM +03 2024 - User: vm-server - Notice: SFTP configuration for client1 already exists. To avoid potential conflicts, automatic configuration has been skipped. Please manually check and configure as necessary.
Thu Feb 22 03:52:01 PM +03 2024 - User: vm-server - Notice: SFTP configuration for client2 already exists. To avoid potential conflicts, automatic configuration has been skipped. Please manually check and configure as necessary.
Thu Feb 22 03:52:01 PM +03 2024 - User: vm-server - Success
Thu Feb 22 03:55:30 PM +03 2024 - User: vm-server - Warning: User client1 already exists. Skipping.
Thu Feb 22 03:55:30 PM +03 2024 - User: vm-server - Warning: User client2 already exists. Skipping.

WARNING: apt does not have a stable CLI interface. Use with caution in scripts.

Hit:1 http://apt.pop-os.org/proprietary jammy InRelease
Hit:2 http://apt.pop-os.org/release jammy InRelease
Hit:3 http://apt.pop-os.org/ubuntu jammy InRelease
Hit:4 http://apt.pop-os.org/ubuntu jammy-security InRelease
Hit:5 http://apt.pop-os.org/ubuntu jammy-updates InRelease
Hit:6 http://apt.pop-os.org/ubuntu jammy-backports InRelease
Reading package lists...
Building dependency tree...
Reading state information...
119 packages can be upgraded. Run 'apt list --upgradable' to see them.
Thu Feb 22 03:55:34 PM +03 2024 - User: vm-server - Success
Thu Feb 22 03:55:34 PM +03 2024 - User: vm-server - Warning: NGINX is already installed. Skipping.
Thu Feb 22 03:55:34 PM +03 2024 - User: vm-server - Success
Synchronizing state of nginx.service with SysV service script with /lib/systemd/systemd-sysv-install.
Executing: /lib/systemd/systemd-sysv-install enable nginx
Thu Feb 22 03:55:35 PM +03 2024 - User: vm-server - Success
Thu Feb 22 03:55:35 PM +03 2024 - User: vm-server - NGINX is running
Server Name: pop-os
Server IPv4: 192.168.100.113
Server IPv6: 2001:1a10:1141:1300:485b:acc6:944d:e46a 2001:1a10:1141:1300:b16a:d866:a9c2:bf55
Thu Feb 22 03:55:35 PM +03 2024 - User: vm-server - Warning: SSHD is already installed. Skipping.
Thu Feb 22 03:55:35 PM +03 2024 - User: vm-server - Success
Synchronizing state of ssh.service with SysV service script with /lib/systemd/systemd-sysv-install.
Executing: /lib/systemd/systemd-sysv-install enable ssh
Thu Feb 22 03:55:36 PM +03 2024 - User: vm-server - Success
Thu Feb 22 03:55:36 PM +03 2024 - User: vm-server - SSHD is running
Server Name: pop-os
Server IPv4: 192.168.100.113
Server IPv6: 2001:1a10:1141:1300:485b:acc6:944d:e46a 2001:1a10:1141:1300:b16a:d866:a9c2:bf55
Thu Feb 22 03:55:36 PM +03 2024 - User: vm-server - Notice: SFTP configuration for client1 already exists. To avoid potential conflicts, automatic configuration has been skipped. Please manually check and configure as necessary.
Thu Feb 22 03:55:36 PM +03 2024 - User: vm-server - Notice: SFTP configuration for client2 already exists. To avoid potential conflicts, automatic configuration has been skipped. Please manually check and configure as necessary.
Thu Feb 22 03:55:36 PM +03 2024 - User: vm-server - Success
Thu Feb 22 03:56:23 PM +03 2024 - User: vm-server - Warning: User client1 already exists. Skipping.
Thu Feb 22 03:56:23 PM +03 2024 - User: vm-server - Warning: User client2 already exists. Skipping.

WARNING: apt does not have a stable CLI interface. Use with caution in scripts.

Hit:1 http://apt.pop-os.org/proprietary jammy InRelease
Hit:2 http://apt.pop-os.org/release jammy InRelease
Hit:3 http://apt.pop-os.org/ubuntu jammy InRelease
Hit:4 http://apt.pop-os.org/ubuntu jammy-security InRelease
Hit:5 http://apt.pop-os.org/ubuntu jammy-updates InRelease
Hit:6 http://apt.pop-os.org/ubuntu jammy-backports InRelease
Reading package lists...
Building dependency tree...
Reading state information...
119 packages can be upgraded. Run 'apt list --upgradable' to see them.
Thu Feb 22 03:56:26 PM +03 2024 - User: vm-server - Success
Thu Feb 22 03:56:26 PM +03 2024 - User: vm-server - Warning: NGINX is already installed. Skipping.
Thu Feb 22 03:56:26 PM +03 2024 - User: vm-server - Success
Synchronizing state of nginx.service with SysV service script with /lib/systemd/systemd-sysv-install.
Executing: /lib/systemd/systemd-sysv-install enable nginx
Thu Feb 22 03:56:27 PM +03 2024 - User: vm-server - Success
Thu Feb 22 03:56:27 PM +03 2024 - User: vm-server - NGINX is running
Server Name: pop-os
Server IPv4: 192.168.100.113
Server IPv6: 2001:1a10:1141:1300:485b:acc6:944d:e46a 2001:1a10:1141:1300:b16a:d866:a9c2:bf55
Thu Feb 22 03:56:27 PM +03 2024 - User: vm-server - Warning: SSHD is already installed. Skipping.
Thu Feb 22 03:56:27 PM +03 2024 - User: vm-server - Success
Synchronizing state of ssh.service with SysV service script with /lib/systemd/systemd-sysv-install.
Executing: /lib/systemd/systemd-sysv-install enable ssh
Thu Feb 22 03:56:28 PM +03 2024 - User: vm-server - Success
Thu Feb 22 03:56:28 PM +03 2024 - User: vm-server - SSHD is running
Server Name: pop-os
Server IPv4: 192.168.100.113
Server IPv6: 2001:1a10:1141:1300:485b:acc6:944d:e46a 2001:1a10:1141:1300:b16a:d866:a9c2:bf55
Thu Feb 22 03:56:28 PM +03 2024 - User: vm-server - Notice: SFTP configuration for client1 already exists. To avoid potential conflicts, automatic configuration has been skipped. Please manually check and configure as necessary.
Thu Feb 22 03:56:28 PM +03 2024 - User: vm-server - Notice: SFTP configuration for client2 already exists. To avoid potential conflicts, automatic configuration has been skipped. Please manually check and configure as necessary.
Thu Feb 22 03:56:28 PM +03 2024 - User: vm-server - Success
Thu Feb 22 03:57:37 PM +03 2024 - User: vm-server - Warning: User client1 already exists. Skipping.
Thu Feb 22 03:57:37 PM +03 2024 - User: vm-server - Warning: User client2 already exists. Skipping.

WARNING: apt does not have a stable CLI interface. Use with caution in scripts.

Hit:1 http://apt.pop-os.org/proprietary jammy InRelease
Hit:2 http://apt.pop-os.org/release jammy InRelease
Hit:3 http://apt.pop-os.org/ubuntu jammy InRelease
Hit:4 http://apt.pop-os.org/ubuntu jammy-security InRelease
Hit:5 http://apt.pop-os.org/ubuntu jammy-updates InRelease
Hit:6 http://apt.pop-os.org/ubuntu jammy-backports InRelease
Reading package lists...
Building dependency tree...
Reading state information...
119 packages can be upgraded. Run 'apt list --upgradable' to see them.
Thu Feb 22 03:57:41 PM +03 2024 - User: vm-server - Success
Thu Feb 22 03:57:41 PM +03 2024 - User: vm-server - Warning: NGINX is already installed. Skipping.
Thu Feb 22 03:57:41 PM +03 2024 - User: vm-server - Success
Synchronizing state of nginx.service with SysV service script with /lib/systemd/systemd-sysv-install.
Executing: /lib/systemd/systemd-sysv-install enable nginx
Thu Feb 22 03:57:42 PM +03 2024 - User: vm-server - Success
Thu Feb 22 03:57:42 PM +03 2024 - User: vm-server - NGINX is running
Server Name: pop-os
Server IPv4: 192.168.100.113
Server IPv6: 2001:1a10:1141:1300:485b:acc6:944d:e46a 2001:1a10:1141:1300:b16a:d866:a9c2:bf55
Thu Feb 22 03:57:42 PM +03 2024 - User: vm-server - Warning: SSHD is already installed. Skipping.
Thu Feb 22 03:57:42 PM +03 2024 - User: vm-server - Success
Synchronizing state of ssh.service with SysV service script with /lib/systemd/systemd-sysv-install.
Executing: /lib/systemd/systemd-sysv-install enable ssh
Thu Feb 22 03:57:43 PM +03 2024 - User: vm-server - Success
Thu Feb 22 03:57:43 PM +03 2024 - User: vm-server - SSHD is running
Server Name: pop-os
Server IPv4: 192.168.100.113
Server IPv6: 2001:1a10:1141:1300:485b:acc6:944d:e46a 2001:1a10:1141:1300:b16a:d866:a9c2:bf55
Thu Feb 22 03:57:43 PM +03 2024 - User: vm-server - Notice: SFTP configuration for [0;34mclient1[0m already exists. To avoid potential conflicts, automatic configuration has been skipped. Please manually check and configure as necessary.
Thu Feb 22 03:57:43 PM +03 2024 - User: vm-server - Notice: SFTP configuration for [0;34mclient2[0m already exists. To avoid potential conflicts, automatic configuration has been skipped. Please manually check and configure as necessary.
Thu Feb 22 03:57:43 PM +03 2024 - User: vm-server - Success
Thu Feb 22 04:00:58 PM +03 2024 - User: vm-server - Warning: User client1 already exists. Skipping.
Thu Feb 22 04:00:58 PM +03 2024 - User: vm-server - Warning: User client2 already exists. Skipping.

WARNING: apt does not have a stable CLI interface. Use with caution in scripts.

Hit:1 http://apt.pop-os.org/proprietary jammy InRelease
Hit:2 http://apt.pop-os.org/release jammy InRelease
Hit:3 http://apt.pop-os.org/ubuntu jammy InRelease
Hit:4 http://apt.pop-os.org/ubuntu jammy-security InRelease
Hit:5 http://apt.pop-os.org/ubuntu jammy-updates InRelease
Hit:6 http://apt.pop-os.org/ubuntu jammy-backports InRelease
Reading package lists...
Building dependency tree...
Reading state information...
119 packages can be upgraded. Run 'apt list --upgradable' to see them.
Thu Feb 22 04:01:02 PM +03 2024 - User: vm-server - Success
Thu Feb 22 04:01:02 PM +03 2024 - User: vm-server - Warning: NGINX is already installed. Skipping.
Thu Feb 22 04:01:02 PM +03 2024 - User: vm-server - Success
Synchronizing state of nginx.service with SysV service script with /lib/systemd/systemd-sysv-install.
Executing: /lib/systemd/systemd-sysv-install enable nginx
Thu Feb 22 04:01:03 PM +03 2024 - User: vm-server - Success
Thu Feb 22 04:01:03 PM +03 2024 - User: vm-server - NGINX is running
Server Name: pop-os
Server IPv4: 192.168.100.113
Server IPv6: 2001:1a10:1141:1300:485b:acc6:944d:e46a 2001:1a10:1141:1300:b16a:d866:a9c2:bf55
Thu Feb 22 04:01:04 PM +03 2024 - User: vm-server - Warning: SSHD is already installed. Skipping.
Thu Feb 22 04:01:04 PM +03 2024 - User: vm-server - Success
Synchronizing state of ssh.service with SysV service script with /lib/systemd/systemd-sysv-install.
Executing: /lib/systemd/systemd-sysv-install enable ssh
Thu Feb 22 04:01:04 PM +03 2024 - User: vm-server - Success
Thu Feb 22 04:01:04 PM +03 2024 - User: vm-server - SSHD is running
Server Name: pop-os
Server IPv4: 192.168.100.113
Server IPv6: 2001:1a10:1141:1300:485b:acc6:944d:e46a 2001:1a10:1141:1300:b16a:d866:a9c2:bf55
Thu Feb 22 04:01:05 PM +03 2024 - User: vm-server - Notice: SFTP configuration for [0;34mclient1[0m already exists. To avoid potential conflicts, automatic configuration has been skipped. Please manually check and configure as necessary.
Thu Feb 22 04:01:05 PM +03 2024 - User: vm-server - Notice: SFTP configuration for [0;34mclient2[0m already exists. To avoid potential conflicts, automatic configuration has been skipped. Please manually check and configure as necessary.
Thu Feb 22 04:01:05 PM +03 2024 - User: vm-server - Success
Thu Feb 22 04:01:57 PM +03 2024 - User: vm-server - Warning: User client1 already exists. Skipping.
Thu Feb 22 04:01:57 PM +03 2024 - User: vm-server - Warning: User client2 already exists. Skipping.

WARNING: apt does not have a stable CLI interface. Use with caution in scripts.

Hit:1 http://apt.pop-os.org/proprietary jammy InRelease
Hit:2 http://apt.pop-os.org/release jammy InRelease
Hit:3 http://apt.pop-os.org/ubuntu jammy InRelease
Hit:4 http://apt.pop-os.org/ubuntu jammy-security InRelease
Hit:5 http://apt.pop-os.org/ubuntu jammy-updates InRelease
Hit:6 http://apt.pop-os.org/ubuntu jammy-backports InRelease
Reading package lists...
Building dependency tree...
Reading state information...
119 packages can be upgraded. Run 'apt list --upgradable' to see them.
Thu Feb 22 04:02:01 PM +03 2024 - User: vm-server - Success
Thu Feb 22 04:02:01 PM +03 2024 - User: vm-server - Warning: NGINX is already installed. Skipping.
Thu Feb 22 04:02:01 PM +03 2024 - User: vm-server - Success
Synchronizing state of nginx.service with SysV service script with /lib/systemd/systemd-sysv-install.
Executing: /lib/systemd/systemd-sysv-install enable nginx
Thu Feb 22 04:02:02 PM +03 2024 - User: vm-server - Success
Thu Feb 22 04:02:02 PM +03 2024 - User: vm-server - NGINX is running
Server Name: pop-os
Server IPv4: 192.168.100.113
Server IPv6: 2001:1a10:1141:1300:485b:acc6:944d:e46a 2001:1a10:1141:1300:b16a:d866:a9c2:bf55
Thu Feb 22 04:02:02 PM +03 2024 - User: vm-server - Warning: SSHD is already installed. Skipping.
Thu Feb 22 04:02:02 PM +03 2024 - User: vm-server - Success
Synchronizing state of ssh.service with SysV service script with /lib/systemd/systemd-sysv-install.
Executing: /lib/systemd/systemd-sysv-install enable ssh
Thu Feb 22 04:02:03 PM +03 2024 - User: vm-server - Success
Thu Feb 22 04:02:03 PM +03 2024 - User: vm-server - SSHD is running
Server Name: pop-os
Server IPv4: 192.168.100.113
Server IPv6: 2001:1a10:1141:1300:485b:acc6:944d:e46a 2001:1a10:1141:1300:b16a:d866:a9c2:bf55
Thu Feb 22 04:02:03 PM +03 2024 - User: vm-server - Notice: SFTP configuration for [0;34mclient1[0m already exists. To avoid potential conflicts, automatic configuration has been skipped. Please manually check and configure as necessary.
Thu Feb 22 04:02:03 PM +03 2024 - User: vm-server - Notice: SFTP configuration for [0;34mclient2[0m already exists. To avoid potential conflicts, automatic configuration has been skipped. Please manually check and configure as necessary.
Thu Feb 22 04:02:03 PM +03 2024 - User: vm-server - Success
Thu Feb 22 04:02:30 PM +03 2024 - User: vm-server - Warning: User client1 already exists. Skipping.
Thu Feb 22 04:02:30 PM +03 2024 - User: vm-server - Warning: User client2 already exists. Skipping.

WARNING: apt does not have a stable CLI interface. Use with caution in scripts.

Hit:1 http://apt.pop-os.org/proprietary jammy InRelease
Hit:2 http://apt.pop-os.org/release jammy InRelease
Hit:3 http://apt.pop-os.org/ubuntu jammy InRelease
Hit:4 http://apt.pop-os.org/ubuntu jammy-security InRelease
Hit:5 http://apt.pop-os.org/ubuntu jammy-updates InRelease
Hit:6 http://apt.pop-os.org/ubuntu jammy-backports InRelease
Reading package lists...
Building dependency tree...
Reading state information...
119 packages can be upgraded. Run 'apt list --upgradable' to see them.
Thu Feb 22 04:02:34 PM +03 2024 - User: vm-server - Success
Thu Feb 22 04:02:34 PM +03 2024 - User: vm-server - Warning: NGINX is already installed. Skipping.
Thu Feb 22 04:02:34 PM +03 2024 - User: vm-server - Success
Synchronizing state of nginx.service with SysV service script with /lib/systemd/systemd-sysv-install.
Executing: /lib/systemd/systemd-sysv-install enable nginx
Thu Feb 22 04:02:35 PM +03 2024 - User: vm-server - Success
Thu Feb 22 04:02:35 PM +03 2024 - User: vm-server - NGINX is running
Server Name: pop-os
Server IPv4: 192.168.100.113
Server IPv6: 2001:1a10:1141:1300:485b:acc6:944d:e46a 2001:1a10:1141:1300:b16a:d866:a9c2:bf55
Thu Feb 22 04:02:35 PM +03 2024 - User: vm-server - Warning: SSHD is already installed. Skipping.
Thu Feb 22 04:02:35 PM +03 2024 - User: vm-server - Success
Synchronizing state of ssh.service with SysV service script with /lib/systemd/systemd-sysv-install.
Executing: /lib/systemd/systemd-sysv-install enable ssh
Thu Feb 22 04:02:36 PM +03 2024 - User: vm-server - Success
Thu Feb 22 04:02:36 PM +03 2024 - User: vm-server - SSHD is running
Server Name: pop-os
Server IPv4: 192.168.100.113
Server IPv6: 2001:1a10:1141:1300:485b:acc6:944d:e46a 2001:1a10:1141:1300:b16a:d866:a9c2:bf55
Thu Feb 22 04:02:36 PM +03 2024 - User: vm-server - Notice: SFTP configuration for [0;34mclient1[0m already exists. To avoid potential conflicts, automatic configuration has been skipped. Please manually check and configure as necessary.
Thu Feb 22 04:02:36 PM +03 2024 - User: vm-server - Notice: SFTP configuration for [0;34mclient2[0m already exists. To avoid potential conflicts, automatic configuration has been skipped. Please manually check and configure as necessary.
Thu Feb 22 04:02:36 PM +03 2024 - User: vm-server - Success
Thu Feb 22 04:03:52 PM +03 2024 - User: vm-server - Warning: User client1 already exists. Skipping.
Thu Feb 22 04:03:52 PM +03 2024 - User: vm-server - Warning: User client2 already exists. Skipping.

WARNING: apt does not have a stable CLI interface. Use with caution in scripts.

Hit:1 http://apt.pop-os.org/proprietary jammy InRelease
Hit:2 http://apt.pop-os.org/release jammy InRelease
Hit:3 http://apt.pop-os.org/ubuntu jammy InRelease
Hit:4 http://apt.pop-os.org/ubuntu jammy-security InRelease
Hit:5 http://apt.pop-os.org/ubuntu jammy-updates InRelease
Hit:6 http://apt.pop-os.org/ubuntu jammy-backports InRelease
Reading package lists...
Building dependency tree...
Reading state information...
119 packages can be upgraded. Run 'apt list --upgradable' to see them.
Thu Feb 22 04:03:56 PM +03 2024 - User: vm-server - Success
Thu Feb 22 04:03:56 PM +03 2024 - User: vm-server - Warning: NGINX is already installed. Skipping.
Thu Feb 22 04:03:56 PM +03 2024 - User: vm-server - Success
Synchronizing state of nginx.service with SysV service script with /lib/systemd/systemd-sysv-install.
Executing: /lib/systemd/systemd-sysv-install enable nginx
Thu Feb 22 04:03:57 PM +03 2024 - User: vm-server - Success
Thu Feb 22 04:03:57 PM +03 2024 - User: vm-server - NGINX is running
Server Name: pop-os
Server IPv4: 192.168.100.113
Server IPv6: 2001:1a10:1141:1300:485b:acc6:944d:e46a 2001:1a10:1141:1300:b16a:d866:a9c2:bf55
Thu Feb 22 04:03:57 PM +03 2024 - User: vm-server - Warning: SSHD is already installed. Skipping.
Thu Feb 22 04:03:57 PM +03 2024 - User: vm-server - Success
Synchronizing state of ssh.service with SysV service script with /lib/systemd/systemd-sysv-install.
Executing: /lib/systemd/systemd-sysv-install enable ssh
Thu Feb 22 04:03:58 PM +03 2024 - User: vm-server - Success
Thu Feb 22 04:03:58 PM +03 2024 - User: vm-server - SSHD is running
Server Name: pop-os
Server IPv4: 192.168.100.113
Server IPv6: 2001:1a10:1141:1300:485b:acc6:944d:e46a 2001:1a10:1141:1300:b16a:d866:a9c2:bf55
Thu Feb 22 04:03:58 PM +03 2024 - User: vm-server - Notice: SFTP configuration for [0;34mclient1[0m already exists. To avoid potential conflicts, automatic configuration has been skipped. Please manually check and configure as necessary.
Thu Feb 22 04:03:58 PM +03 2024 - User: vm-server - Notice: SFTP configuration for [0;34mclient2[0m already exists. To avoid potential conflicts, automatic configuration has been skipped. Please manually check and configure as necessary.
Thu Feb 22 04:03:58 PM +03 2024 - User: vm-server - Success
